Determining if the pthread_create exist failed with the following output:
Change Dir: /home/xiasuan/cs171-assignment1-Katou-Megumi/Opengl_cmake_template/opengl-basic-linux/3rdLibs/glfw-3.3.2/build/CMakeFiles/CMakeTmp

Run Build Command:"/usr/bin/make" "cmTC_b922a/fast"
/usr/bin/make -f CMakeFiles/cmTC_b922a.dir/build.make CMakeFiles/cmTC_b922a.dir/build
make[1]: 进入目录“/home/xiasuan/cs171-assignment1-Katou-Megumi/Opengl_cmake_template/opengl-basic-linux/3rdLibs/glfw-3.3.2/build/CMakeFiles/CMakeTmp”
Building C object CMakeFiles/cmTC_b922a.dir/CheckSymbolExists.c.o
/usr/bin/cc    -o CMakeFiles/cmTC_b922a.dir/CheckSymbolExists.c.o   -c /home/xiasuan/cs171-assignment1-Katou-Megumi/Opengl_cmake_template/opengl-basic-linux/3rdLibs/glfw-3.3.2/build/CMakeFiles/CMakeTmp/CheckSymbolExists.c
Linking C executable cmTC_b922a
/usr/bin/cmake -E cmake_link_script CMakeFiles/cmTC_b922a.dir/link.txt --verbose=1
/usr/bin/cc      -rdynamic CMakeFiles/cmTC_b922a.dir/CheckSymbolExists.c.o  -o cmTC_b922a 
CMakeFiles/cmTC_b922a.dir/CheckSymbolExists.c.o：在函数‘main’中：
CheckSymbolExists.c:(.text+0x1b)：对‘pthread_create’未定义的引用
collect2: error: ld returned 1 exit status
CMakeFiles/cmTC_b922a.dir/build.make:97: recipe for target 'cmTC_b922a' failed
make[1]: *** [cmTC_b922a] Error 1
make[1]: 离开目录“/home/xiasuan/cs171-assignment1-Katou-Megumi/Opengl_cmake_template/opengl-basic-linux/3rdLibs/glfw-3.3.2/build/CMakeFiles/CMakeTmp”
Makefile:126: recipe for target 'cmTC_b922a/fast' failed
make: *** [cmTC_b922a/fast] Error 2

File /home/xiasuan/cs171-assignment1-Katou-Megumi/Opengl_cmake_template/opengl-basic-linux/3rdLibs/glfw-3.3.2/build/CMakeFiles/CMakeTmp/CheckSymbolExists.c:
/* */
#include <pthread.h>

int main(int argc, char** argv)
{
  (void)argv;
#ifndef pthread_create
  return ((int*)(&pthread_create))[argc];
#else
  (void)argc;
  return 0;
#endif
}

Determining if the function pthread_create exists in the pthreads failed with the following output:
Change Dir: /home/xiasuan/cs171-assignment1-Katou-Megumi/Opengl_cmake_template/opengl-basic-linux/3rdLibs/glfw-3.3.2/build/CMakeFiles/CMakeTmp

Run Build Command:"/usr/bin/make" "cmTC_2973f/fast"
/usr/bin/make -f CMakeFiles/cmTC_2973f.dir/build.make CMakeFiles/cmTC_2973f.dir/build
make[1]: 进入目录“/home/xiasuan/cs171-assignment1-Katou-Megumi/Opengl_cmake_template/opengl-basic-linux/3rdLibs/glfw-3.3.2/build/CMakeFiles/CMakeTmp”
Building C object CMakeFiles/cmTC_2973f.dir/CheckFunctionExists.c.o
/usr/bin/cc   -DCHECK_FUNCTION_EXISTS=pthread_create   -o CMakeFiles/cmTC_2973f.dir/CheckFunctionExists.c.o   -c /usr/share/cmake-3.10/Modules/CheckFunctionExists.c
Linking C executable cmTC_2973f
/usr/bin/cmake -E cmake_link_script CMakeFiles/cmTC_2973f.dir/link.txt --verbose=1
/usr/bin/cc  -DCHECK_FUNCTION_EXISTS=pthread_create    -rdynamic CMakeFiles/cmTC_2973f.dir/CheckFunctionExists.c.o  -o cmTC_2973f -lpthreads 
/usr/bin/ld: 找不到 -lpthreads
collect2: error: ld returned 1 exit status
CMakeFiles/cmTC_2973f.dir/build.make:97: recipe for target 'cmTC_2973f' failed
make[1]: *** [cmTC_2973f] Error 1
make[1]: 离开目录“/home/xiasuan/cs171-assignment1-Katou-Megumi/Opengl_cmake_template/opengl-basic-linux/3rdLibs/glfw-3.3.2/build/CMakeFiles/CMakeTmp”
Makefile:126: recipe for target 'cmTC_2973f/fast' failed
make: *** [cmTC_2973f/fast] Error 2


